<?xml version="1.0" encoding="UTF-8"?>
<!-- Generated by org.testng.reporters.JUnitXMLReporter -->
<testsuite ignored="0" hostname="DESKTOP-JE9AC2C" failures="0" tests="3" name="Default test" time="11.061" errors="0" timestamp="2024-11-27T10:23:07 PST">
  <testcase classname="com.qa.fitpeo.testcases.updateTextFieldTest" name="rev" time="0.8"/>
  <testcase classname="com.qa.fitpeo.testcases.updateTextFieldTest" name="scrslide" time="0.098"/>
  <testcase classname="com.qa.fitpeo.testcases.updateTextFieldTest" name="updateText" time="0.364"/>
</testsuite> <!-- Default test -->
