<?xml version="1.0" encoding="UTF-8"?>
<testng-results ignored="0" total="3" passed="3" failed="0" skipped="0">
  <reporter-output>
  </reporter-output>
  <suite started-at="2024-11-27T10:22:56 PST" name="Default suite" finished-at="2024-11-27T10:23:07 PST" duration-ms="11061">
    <groups>
    </groups>
    <test started-at="2024-11-27T10:22:56 PST" name="Default test" finished-at="2024-11-27T10:23:07 PST" duration-ms="11061">
      <class name="com.qa.fitpeo.testcases.updateTextFieldTest">
        <test-method is-config="true" signature="setup()[pri:0, instance:com.qa.fitpeo.testcases.updateTextFieldTest@33d512c1]" started-at="2024-11-27T10:22:56 PST" name="setup" finished-at="2024-11-27T10:23:04 PST" duration-ms="8215" status="PASS">
          <reporter-output>
          </reporter-output>
        </test-method> <!-- setup -->
        <test-method signature="rev()[pri:1, instance:com.qa.fitpeo.testcases.updateTextFieldTest@33d512c1]" started-at="2024-11-27T10:23:05 PST" name="rev" finished-at="2024-11-27T10:23:05 PST" duration-ms="800" status="PASS">
          <reporter-output>
          </reporter-output>
        </test-method> <!-- rev -->
        <test-method signature="scrslide()[pri:2, instance:com.qa.fitpeo.testcases.updateTextFieldTest@33d512c1]" started-at="2024-11-27T10:23:05 PST" name="scrslide" finished-at="2024-11-27T10:23:05 PST" duration-ms="98" status="PASS">
          <reporter-output>
          </reporter-output>
        </test-method> <!-- scrslide -->
        <test-method signature="updateText()[pri:3, instance:com.qa.fitpeo.testcases.updateTextFieldTest@33d512c1]" started-at="2024-11-27T10:23:05 PST" name="updateText" finished-at="2024-11-27T10:23:06 PST" duration-ms="364" status="PASS">
          <reporter-output>
          </reporter-output>
        </test-method> <!-- updateText -->
        <test-method is-config="true" signature="teardown()[pri:0, instance:com.qa.fitpeo.testcases.updateTextFieldTest@33d512c1]" started-at="2024-11-27T10:23:06 PST" name="teardown" finished-at="2024-11-27T10:23:07 PST" duration-ms="1461" status="PASS">
          <reporter-output>
          </reporter-output>
        </test-method> <!-- teardown -->
      </class> <!-- com.qa.fitpeo.testcases.updateTextFieldTest -->
    </test> <!-- Default test -->
  </suite> <!-- Default suite -->
</testng-results>
